2024-04-22T18:16:21.952+05:30  WARN 27608 --- [restartedMain] org.hibernate.orm.deprecation            : HHH90000025: MySQLDialect does not need to be specified explicitly using 'hibernate.dialect' (remove the property setting and it will be selected by default)
2024-04-22T18:16:22.160+05:30  WARN 27608 --- [restartedMain] JpaBaseConfiguration$JpaWebConfiguration : spring.jpa.open-in-view is enabled by default. Therefore, database queries may be performed during view rendering. Explicitly configure spring.jpa.open-in-view to disable this warning
2024-04-22T18:16:22.184+05:30 DEBUG 27608 --- [restartedMain] s.w.s.m.m.a.RequestMappingHandlerMapping : 7 mappings in 'requestMappingHandlerMapping'
2024-04-22T18:16:22.233+05:30 DEBUG 27608 --- [restartedMain] o.s.w.s.handler.SimpleUrlHandlerMapping  : Patterns [/webjars/**, /**] in 'resourceHandlerMapping'
2024-04-22T18:16:22.244+05:30 DEBUG 27608 --- [restartedMain] s.w.s.m.m.a.RequestMappingHandlerAdapter : ControllerAdvice beans: 0 @ModelAttribute, 0 @InitBinder, 1 RequestBodyAdvice, 1 ResponseBodyAdvice
2024-04-22T18:16:22.249+05:30 DEBUG 27608 --- [restartedMain] .m.m.a.ExceptionHandlerExceptionResolver : ControllerAdvice beans: 0 @ExceptionHandler, 1 ResponseBodyAdvice
2024-04-22T18:16:41.270+05:30  INFO 27608 --- [restartedMain] c.e.attendance.AttendanceApplication     : Starting AttendanceApplication using Java 17.0.1 with PID 27608 (C:\Domain Exercise Workspace\attendance\target\classes started by mankaur23 in C:\Domain Exercise Workspace\attendance)
2024-04-22T18:16:41.272+05:30  INFO 27608 --- [restartedMain] c.e.attendance.AttendanceApplication     : No active profile set, falling back to 1 default profile: "default"
2024-04-22T18:16:41.719+05:30  WARN 27608 --- [restartedMain] org.hibernate.orm.deprecation            : HHH90000025: MySQLDialect does not need to be specified explicitly using 'hibernate.dialect' (remove the property setting and it will be selected by default)
2024-04-22T18:16:41.896+05:30  WARN 27608 --- [restartedMain] JpaBaseConfiguration$JpaWebConfiguration : spring.jpa.open-in-view is enabled by default. Therefore, database queries may be performed during view rendering. Explicitly configure spring.jpa.open-in-view to disable this warning
2024-04-22T18:16:41.914+05:30 DEBUG 27608 --- [restartedMain] s.w.s.m.m.a.RequestMappingHandlerMapping : 7 mappings in 'requestMappingHandlerMapping'
2024-04-22T18:16:41.946+05:30 DEBUG 27608 --- [restartedMain] o.s.w.s.handler.SimpleUrlHandlerMapping  : Patterns [/webjars/**, /**] in 'resourceHandlerMapping'
2024-04-22T18:16:41.954+05:30 DEBUG 27608 --- [restartedMain] s.w.s.m.m.a.RequestMappingHandlerAdapter : ControllerAdvice beans: 0 @ModelAttribute, 0 @InitBinder, 1 RequestBodyAdvice, 1 ResponseBodyAdvice
2024-04-22T18:16:41.957+05:30 DEBUG 27608 --- [restartedMain] .m.m.a.ExceptionHandlerExceptionResolver : ControllerAdvice beans: 0 @ExceptionHandler, 1 ResponseBodyAdvice
2024-04-22T18:16:42.029+05:30  INFO 27608 --- [restartedMain] c.e.attendance.AttendanceApplication     : Started AttendanceApplication in 0.795 seconds (process running for 109.623)
2024-04-22T18:20:10.399+05:30  INFO 27608 --- [restartedMain] c.e.attendance.AttendanceApplication     : Starting AttendanceApplication using Java 17.0.1 with PID 27608 (C:\Domain Exercise Workspace\attendance\target\classes started by mankaur23 in C:\Domain Exercise Workspace\attendance)
2024-04-22T18:20:10.400+05:30 DEBUG 27608 --- [restartedMain] c.e.attendance.AttendanceApplication     : Running with Spring Boot v3.2.3, Spring v6.1.4
2024-04-22T18:20:10.400+05:30  INFO 27608 --- [restartedMain] c.e.attendance.AttendanceApplication     : No active profile set, falling back to 1 default profile: "default"
2024-04-22T18:20:10.799+05:30  WARN 27608 --- [restartedMain] org.hibernate.orm.deprecation            : HHH90000025: MySQLDialect does not need to be specified explicitly using 'hibernate.dialect' (remove the property setting and it will be selected by default)
2024-04-22T18:20:10.948+05:30  WARN 27608 --- [restartedMain] JpaBaseConfiguration$JpaWebConfiguration : spring.jpa.open-in-view is enabled by default. Therefore, database queries may be performed during view rendering. Explicitly configure spring.jpa.open-in-view to disable this warning
2024-04-22T18:20:10.967+05:30 DEBUG 27608 --- [restartedMain] s.w.s.m.m.a.RequestMappingHandlerMapping : 7 mappings in 'requestMappingHandlerMapping'
2024-04-22T18:20:10.991+05:30 DEBUG 27608 --- [restartedMain] o.s.w.s.handler.SimpleUrlHandlerMapping  : Patterns [/webjars/**, /**] in 'resourceHandlerMapping'
2024-04-22T18:20:11.002+05:30 DEBUG 27608 --- [restartedMain] s.w.s.m.m.a.RequestMappingHandlerAdapter : ControllerAdvice beans: 0 @ModelAttribute, 0 @InitBinder, 1 RequestBodyAdvice, 1 ResponseBodyAdvice
2024-04-22T18:20:11.005+05:30 DEBUG 27608 --- [restartedMain] .m.m.a.ExceptionHandlerExceptionResolver : ControllerAdvice beans: 0 @ExceptionHandler, 1 ResponseBodyAdvice
2024-04-22T18:20:11.070+05:30  INFO 27608 --- [restartedMain] c.e.attendance.AttendanceApplication     : Started AttendanceApplication in 0.705 seconds (process running for 318.664)
